# JRE version: OpenJDK Runtime Environment (8.0_76-b03) (build 1.8.0_76-release-b03)
# Java VM: OpenJDK 64-Bit Server VM (25.76-b03 mixed mode windows-amd64 compressed oops)
Heap:
 PSYoungGen      total 252416K, used 39030K [0x00000000e0000000, 0x00000000f2d00000, 0x0000000100000000)
  eden space 219648K, 17% used [0x00000000e0000000,0x00000000e261d830,0x00000000ed680000)
  from space 32768K, 0% used [0x00000000efe00000,0x00000000efe00000,0x00000000f1e00000)
  to   space 40448K, 0% used [0x00000000ed680000,0x00000000ed680000,0x00000000efe00000)
 ParOldGen       total 117760K, used 54781K [0x00000000a0000000, 0x00000000a7300000, 0x00000000e0000000)
  object space 117760K, 46% used [0x00000000a0000000,0x00000000a357f5d8,0x00000000a7300000)
 Metaspace       used 60813K, capacity 63904K, committed 64128K, reserved 1103872K
  class space    used 8067K, capacity 8706K, committed 8832K, reserved 1048576K
GC Heap History (10 events):
Event: 94.409 GC heap before
{Heap before GC invocations=19 (full 3):
 PSYoungGen      total 189952K, used 179398K [0x00000000e0000000, 0x00000000eef80000, 0x0000000100000000)
  eden space 166400K, 100% used [0x00000000e0000000,0x00000000ea280000,0x00000000ea280000)
  from space 23552K, 55% used [0x00000000ea280000,0x00000000eaf31b28,0x00000000eb980000)
  to   space 23040K, 0% used [0x00000000ed900000,0x00000000ed900000,0x00000000eef80000)
 ParOldGen       total 58368K, used 32166K [0x00000000a0000000, 0x00000000a3900000, 0x00000000e0000000)
  object space 58368K, 55% used [0x00000000a0000000,0x00000000a1f69910,0x00000000a3900000)
 Metaspace       used 58028K, capacity 60226K, committed 60544K, reserved 1101824K
  class space    used 7732K, capacity 8204K, committed 8320K, reserved 1048576K
Event: 94.454 GC heap after
Heap after GC invocations=19 (full 3):
 PSYoungGen      total 217600K, used 21700K [0x00000000e0000000, 0x00000000ef100000, 0x0000000100000000)
  eden space 194560K, 0% used [0x00000000e0000000,0x00000000e0000000,0x00000000ebe00000)
  from space 23040K, 94% used [0x00000000ed900000,0x00000000eee31020,0x00000000eef80000)
  to   space 26112K, 0% used [0x00000000ebe00000,0x00000000ebe00000,0x00000000ed780000)
 ParOldGen       total 58368K, used 32174K [0x00000000a0000000, 0x00000000a3900000, 0x00000000e0000000)
  object space 58368K, 55% used [0x00000000a0000000,0x00000000a1f6b910,0x00000000a3900000)
 Metaspace       used 58028K, capacity 60226K, committed 60544K, reserved 1101824K
  class space    used 7732K, capacity 8204K, committed 8320K, reserved 1048576K
}
Event: 101.717 GC heap before
{Heap before GC invocations=20 (full 3):
 PSYoungGen      total 217600K, used 216260K [0x00000000e0000000, 0x00000000ef100000, 0x0000000100000000)
  eden space 194560K, 100% used [0x00000000e0000000,0x00000000ebe00000,0x00000000ebe00000)
  from space 23040K, 94% used [0x00000000ed900000,0x00000000eee31020,0x00000000eef80000)
  to   space 26112K, 0% used [0x00000000ebe00000,0x00000000ebe00000,0x00000000ed780000)
 ParOldGen       total 58368K, used 32174K [0x00000000a0000000, 0x00000000a3900000, 0x00000000e0000000)
  object space 58368K, 55% used [0x00000000a0000000,0x00000000a1f6b910,0x00000000a3900000)
 Metaspace       used 58693K, capacity 61028K, committed 61312K, reserved 1101824K
  class space    used 7777K, capacity 8257K, committed 8320K, reserved 1048576K
Event: 101.781 GC heap after
Heap after GC invocations=20 (full 3):
 PSYoungGen      total 220672K, used 26083K [0x00000000e0000000, 0x00000000f1e00000, 0x0000000100000000)
  eden space 194560K, 0% used [0x00000000e0000000,0x00000000e0000000,0x00000000ebe00000)
  from space 26112K, 99% used [0x00000000ebe00000,0x00000000ed778cb8,0x00000000ed780000)
  to   space 32768K, 0% used [0x00000000efe00000,0x00000000efe00000,0x00000000f1e00000)
 ParOldGen       total 58368K, used 39476K [0x00000000a0000000, 0x00000000a3900000, 0x00000000e0000000)
  object space 58368K, 67% used [0x00000000a0000000,0x00000000a268d248,0x00000000a3900000)
 Metaspace       used 58693K, capacity 61028K, committed 61312K, reserved 1101824K
  class space    used 7777K, capacity 8257K, committed 8320K, reserved 1048576K
}
Event: 671.287 GC heap before
{Heap before GC invocations=21 (full 3):
 PSYoungGen      total 220672K, used 215727K [0x00000000e0000000, 0x00000000f1e00000, 0x0000000100000000)
  eden space 194560K, 97% used [0x00000000e0000000,0x00000000eb9332e8,0x00000000ebe00000)
  from space 26112K, 99% used [0x00000000ebe00000,0x00000000ed778cb8,0x00000000ed780000)
  to   space 32768K, 0% used [0x00000000efe00000,0x00000000efe00000,0x00000000f1e00000)
 ParOldGen       total 58368K, used 39476K [0x00000000a0000000, 0x00000000a3900000, 0x00000000e0000000)
  object space 58368K, 67% used [0x00000000a0000000,0x00000000a268d248,0x00000000a3900000)
 Metaspace       used 59997K, capacity 62776K, committed 62848K, reserved 1103872K
  class space    used 7968K, capacity 8534K, committed 8576K, reserved 1048576K
Event: 671.418 GC heap after
Heap after GC invocations=21 (full 3):
 PSYoungGen      total 252416K, used 32752K [0x00000000e0000000, 0x00000000f2d00000, 0x0000000100000000)
  eden space 219648K, 0% used [0x00000000e0000000,0x00000000e0000000,0x00000000ed680000)
  from space 32768K, 99% used [0x00000000efe00000,0x00000000f1dfc358,0x00000000f1e00000)
  to   space 40448K, 0% used [0x00000000ed680000,0x00000000ed680000,0x00000000efe00000)
 ParOldGen       total 58368K, used 46131K [0x00000000a0000000, 0x00000000a3900000, 0x00000000e0000000)
  object space 58368K, 79% used [0x00000000a0000000,0x00000000a2d0cd38,0x00000000a3900000)
 Metaspace       used 59997K, capacity 62776K, committed 62848K, reserved 1103872K
  class space    used 7968K, capacity 8534K, committed 8576K, reserved 1048576K
}
Event: 671.418 GC heap before
{Heap before GC invocations=22 (full 4):
 PSYoungGen      total 252416K, used 32752K [0x00000000e0000000, 0x00000000f2d00000, 0x0000000100000000)
  eden space 219648K, 0% used [0x00000000e0000000,0x00000000e0000000,0x00000000ed680000)
  from space 32768K, 99% used [0x00000000efe00000,0x00000000f1dfc358,0x00000000f1e00000)
  to   space 40448K, 0% used [0x00000000ed680000,0x00000000ed680000,0x00000000efe00000)
 ParOldGen       total 58368K, used 46131K [0x00000000a0000000, 0x00000000a3900000, 0x00000000e0000000)
  object space 58368K, 79% used [0x00000000a0000000,0x00000000a2d0cd38,0x00000000a3900000)
 Metaspace       used 59997K, capacity 62776K, committed 62848K, reserved 1103872K
  class space    used 7968K, capacity 8534K, committed 8576K, reserved 1048576K
Event: 672.302 GC heap after
Heap after GC invocations=22 (full 4):
 PSYoungGen      total 252416K, used 8427K [0x00000000e0000000, 0x00000000f2d00000, 0x0000000100000000)
  eden space 219648K, 0% used [0x00000000e0000000,0x00000000e0000000,0x00000000ed680000)
  from space 32768K, 25% used [0x00000000efe00000,0x00000000f063af28,0x00000000f1e00000)
  to   space 40448K, 0% used [0x00000000ed680000,0x00000000ed680000,0x00000000efe00000)
 ParOldGen       total 58368K, used 58042K [0x00000000a0000000, 0x00000000a3900000, 0x00000000e0000000)
  object space 58368K, 99% used [0x00000000a0000000,0x00000000a38ae800,0x00000000a3900000)
 Metaspace       used 59997K, capacity 62776K, committed 62848K, reserved 1103872K
  class space    used 7968K, capacity 8534K, committed 8576K, reserved 1048576K
}
Event: 920.421 GC heap before
{Heap before GC invocations=23 (full 5):
 PSYoungGen      total 252416K, used 228075K [0x00000000e0000000, 0x00000000f2d00000, 0x0000000100000000)
  eden space 219648K, 100% used [0x00000000e0000000,0x00000000ed680000,0x00000000ed680000)
  from space 32768K, 25% used [0x00000000efe00000,0x00000000f063af28,0x00000000f1e00000)
  to   space 40448K, 0% used [0x00000000ed680000,0x00000000ed680000,0x00000000efe00000)
 ParOldGen       total 58368K, used 58042K [0x00000000a0000000, 0x00000000a3900000, 0x00000000e0000000)
  object space 58368K, 99% used [0x00000000a0000000,0x00000000a38ae800,0x00000000a3900000)
 Metaspace       used 60322K, capacity 63288K, committed 63360K, reserved 1103872K
  class space    used 8000K, capacity 8574K, committed 8576K, reserved 1048576K
Event: 920.723 GC heap after
Heap after GC invocations=23 (full 5):
 PSYoungGen      total 252416K, used 0K [0x00000000e0000000, 0x00000000f2d00000, 0x0000000100000000)
  eden space 219648K, 0% used [0x00000000e0000000,0x00000000e0000000,0x00000000ed680000)
  from space 32768K, 0% used [0x00000000efe00000,0x00000000efe00000,0x00000000f1e00000)
  to   space 40448K, 0% used [0x00000000ed680000,0x00000000ed680000,0x00000000efe00000)
 ParOldGen       total 117760K, used 54781K [0x00000000a0000000, 0x00000000a7300000, 0x00000000e0000000)
  object space 117760K, 46% used [0x00000000a0000000,0x00000000a357f5d8,0x00000000a7300000)
 Metaspace       used 60322K, capacity 63288K, committed 63360K, reserved 1103872K
  class space    used 8000K, capacity 8574K, committed 8576K, reserved 1048576K
}

