# JRE version: OpenJDK Runtime Environment (8.0_76-b03) (build 1.8.0_76-release-b03)
# Java VM: OpenJDK 64-Bit Server VM (25.76-b03 mixed mode windows-amd64 compressed oops)
Heap:
 PSYoungGen      total 129024K, used 108953K [0x00000000e0000000, 0x00000000e8800000, 0x0000000100000000)
  eden space 118784K, 91% used [0x00000000e0000000,0x00000000e6a666f8,0x00000000e7400000)
  from space 10240K, 0% used [0x00000000e7e00000,0x00000000e7e00000,0x00000000e8800000)
  to   space 10240K, 0% used [0x00000000e7400000,0x00000000e7400000,0x00000000e7e00000)
 ParOldGen       total 53248K, used 48094K [0x00000000a0000000, 0x00000000a3400000, 0x00000000e0000000)
  object space 53248K, 90% used [0x00000000a0000000,0x00000000a2ef7b58,0x00000000a3400000)
 Metaspace       used 56788K, capacity 59514K, committed 59824K, reserved 1101824K
  class space    used 7665K, capacity 8272K, committed 8368K, reserved 1048576K
GC Heap History (10 events):
Event: 51.606 GC heap before
{Heap before GC invocations=24 (full 3):
 PSYoungGen      total 105984K, used 5227K [0x00000000e0000000, 0x00000000e7600000, 0x0000000100000000)
  eden space 94208K, 0% used [0x00000000e0000000,0x00000000e0000000,0x00000000e5c00000)
  from space 11776K, 44% used [0x00000000e5c00000,0x00000000e611ad10,0x00000000e6780000)
  to   space 11264K, 0% used [0x00000000e6b00000,0x00000000e6b00000,0x00000000e7600000)
 ParOldGen       total 53248K, used 38946K [0x00000000a0000000, 0x00000000a3400000, 0x00000000e0000000)
  object space 53248K, 73% used [0x00000000a0000000,0x00000000a2608b08,0x00000000a3400000)
 Metaspace       used 51782K, capacity 53786K, committed 53936K, reserved 1095680K
  class space    used 7086K, capacity 7552K, committed 7600K, reserved 1048576K
Event: 52.301 GC heap after
Heap after GC invocations=24 (full 3):
 PSYoungGen      total 105984K, used 0K [0x00000000e0000000, 0x00000000e7600000, 0x0000000100000000)
  eden space 94208K, 0% used [0x00000000e0000000,0x00000000e0000000,0x00000000e5c00000)
  from space 11776K, 0% used [0x00000000e5c00000,0x00000000e5c00000,0x00000000e6780000)
  to   space 11264K, 0% used [0x00000000e6b00000,0x00000000e6b00000,0x00000000e7600000)
 ParOldGen       total 53248K, used 40227K [0x00000000a0000000, 0x00000000a3400000, 0x00000000e0000000)
  object space 53248K, 75% used [0x00000000a0000000,0x00000000a2748de8,0x00000000a3400000)
 Metaspace       used 51782K, capacity 53786K, committed 53936K, reserved 1095680K
  class space    used 7086K, capacity 7552K, committed 7600K, reserved 1048576K
}
Event: 68.216 GC heap before
{Heap before GC invocations=25 (full 3):
 PSYoungGen      total 105984K, used 94208K [0x00000000e0000000, 0x00000000e7600000, 0x0000000100000000)
  eden space 94208K, 100% used [0x00000000e0000000,0x00000000e5c00000,0x00000000e5c00000)
  from space 11776K, 0% used [0x00000000e5c00000,0x00000000e5c00000,0x00000000e6780000)
  to   space 11264K, 0% used [0x00000000e6b00000,0x00000000e6b00000,0x00000000e7600000)
 ParOldGen       total 53248K, used 40227K [0x00000000a0000000, 0x00000000a3400000, 0x00000000e0000000)
  object space 53248K, 75% used [0x00000000a0000000,0x00000000a2748de8,0x00000000a3400000)
 Metaspace       used 52276K, capacity 54408K, committed 54448K, reserved 1095680K
  class space    used 7116K, capacity 7585K, committed 7600K, reserved 1048576K
Event: 68.228 GC heap after
Heap after GC invocations=25 (full 3):
 PSYoungGen      total 110080K, used 3328K [0x00000000e0000000, 0x00000000e8600000, 0x0000000100000000)
  eden space 98816K, 0% used [0x00000000e0000000,0x00000000e0000000,0x00000000e6080000)
  from space 11264K, 29% used [0x00000000e6b00000,0x00000000e6e40000,0x00000000e7600000)
  to   space 10752K, 0% used [0x00000000e6080000,0x00000000e6080000,0x00000000e6b00000)
 ParOldGen       total 53248K, used 40235K [0x00000000a0000000, 0x00000000a3400000, 0x00000000e0000000)
  object space 53248K, 75% used [0x00000000a0000000,0x00000000a274ade8,0x00000000a3400000)
 Metaspace       used 52276K, capacity 54408K, committed 54448K, reserved 1095680K
  class space    used 7116K, capacity 7585K, committed 7600K, reserved 1048576K
}
Event: 553.769 GC heap before
{Heap before GC invocations=26 (full 3):
 PSYoungGen      total 110080K, used 102144K [0x00000000e0000000, 0x00000000e8600000, 0x0000000100000000)
  eden space 98816K, 100% used [0x00000000e0000000,0x00000000e6080000,0x00000000e6080000)
  from space 11264K, 29% used [0x00000000e6b00000,0x00000000e6e40000,0x00000000e7600000)
  to   space 10752K, 0% used [0x00000000e6080000,0x00000000e6080000,0x00000000e6b00000)
 ParOldGen       total 53248K, used 40235K [0x00000000a0000000, 0x00000000a3400000, 0x00000000e0000000)
  object space 53248K, 75% used [0x00000000a0000000,0x00000000a274ade8,0x00000000a3400000)
 Metaspace       used 54955K, capacity 57224K, committed 57392K, reserved 1099776K
  class space    used 7435K, capacity 7958K, committed 7984K, reserved 1048576K
Event: 553.789 GC heap after
Heap after GC invocations=26 (full 3):
 PSYoungGen      total 109568K, used 5076K [0x00000000e0000000, 0x00000000e8800000, 0x0000000100000000)
  eden space 98816K, 0% used [0x00000000e0000000,0x00000000e0000000,0x00000000e6080000)
  from space 10752K, 47% used [0x00000000e6080000,0x00000000e65751f0,0x00000000e6b00000)
  to   space 10240K, 0% used [0x00000000e7e00000,0x00000000e7e00000,0x00000000e8800000)
 ParOldGen       total 53248K, used 40563K [0x00000000a0000000, 0x00000000a3400000, 0x00000000e0000000)
  object space 53248K, 76% used [0x00000000a0000000,0x00000000a279cde8,0x00000000a3400000)
 Metaspace       used 54955K, capacity 57224K, committed 57392K, reserved 1099776K
  class space    used 7435K, capacity 7958K, committed 7984K, reserved 1048576K
}
Event: 563.144 GC heap before
{Heap before GC invocations=27 (full 3):
 PSYoungGen      total 109568K, used 92283K [0x00000000e0000000, 0x00000000e8800000, 0x0000000100000000)
  eden space 98816K, 88% used [0x00000000e0000000,0x00000000e5529ba0,0x00000000e6080000)
  from space 10752K, 47% used [0x00000000e6080000,0x00000000e65751f0,0x00000000e6b00000)
  to   space 10240K, 0% used [0x00000000e7e00000,0x00000000e7e00000,0x00000000e8800000)
 ParOldGen       total 53248K, used 40563K [0x00000000a0000000, 0x00000000a3400000, 0x00000000e0000000)
  object space 53248K, 76% used [0x00000000a0000000,0x00000000a279cde8,0x00000000a3400000)
 Metaspace       used 56431K, capacity 59032K, committed 59312K, reserved 1099776K
  class space    used 7642K, capacity 8241K, committed 8368K, reserved 1048576K
Event: 563.182 GC heap after
Heap after GC invocations=27 (full 3):
 PSYoungGen      total 129024K, used 5411K [0x00000000e0000000, 0x00000000e8800000, 0x0000000100000000)
  eden space 118784K, 0% used [0x00000000e0000000,0x00000000e0000000,0x00000000e7400000)
  from space 10240K, 52% used [0x00000000e7e00000,0x00000000e8348f70,0x00000000e8800000)
  to   space 10240K, 0% used [0x00000000e7400000,0x00000000e7400000,0x00000000e7e00000)
 ParOldGen       total 53248K, used 43411K [0x00000000a0000000, 0x00000000a3400000, 0x00000000e0000000)
  object space 53248K, 81% used [0x00000000a0000000,0x00000000a2a64ef8,0x00000000a3400000)
 Metaspace       used 56431K, capacity 59032K, committed 59312K, reserved 1099776K
  class space    used 7642K, capacity 8241K, committed 8368K, reserved 1048576K
}
Event: 563.182 GC heap before
{Heap before GC invocations=28 (full 4):
 PSYoungGen      total 129024K, used 5411K [0x00000000e0000000, 0x00000000e8800000, 0x0000000100000000)
  eden space 118784K, 0% used [0x00000000e0000000,0x00000000e0000000,0x00000000e7400000)
  from space 10240K, 52% used [0x00000000e7e00000,0x00000000e8348f70,0x00000000e8800000)
  to   space 10240K, 0% used [0x00000000e7400000,0x00000000e7400000,0x00000000e7e00000)
 ParOldGen       total 53248K, used 43411K [0x00000000a0000000, 0x00000000a3400000, 0x00000000e0000000)
  object space 53248K, 81% used [0x00000000a0000000,0x00000000a2a64ef8,0x00000000a3400000)
 Metaspace       used 56431K, capacity 59032K, committed 59312K, reserved 1099776K
  class space    used 7642K, capacity 8241K, committed 8368K, reserved 1048576K
Event: 564.257 GC heap after
Heap after GC invocations=28 (full 4):
 PSYoungGen      total 129024K, used 0K [0x00000000e0000000, 0x00000000e8800000, 0x0000000100000000)
  eden space 118784K, 0% used [0x00000000e0000000,0x00000000e0000000,0x00000000e7400000)
  from space 10240K, 0% used [0x00000000e7e00000,0x00000000e7e00000,0x00000000e8800000)
  to   space 10240K, 0% used [0x00000000e7400000,0x00000000e7400000,0x00000000e7e00000)
 ParOldGen       total 53248K, used 48094K [0x00000000a0000000, 0x00000000a3400000, 0x00000000e0000000)
  object space 53248K, 90% used [0x00000000a0000000,0x00000000a2ef7b58,0x00000000a3400000)
 Metaspace       used 56431K, capacity 59032K, committed 59312K, reserved 1099776K
  class space    used 7642K, capacity 8241K, committed 8368K, reserved 1048576K
}

