# JRE version: OpenJDK Runtime Environment (8.0_76-b03) (build 1.8.0_76-release-b03)
# Java VM: OpenJDK 64-Bit Server VM (25.76-b03 mixed mode windows-amd64 compressed oops)
Heap:
 PSYoungGen      total 387072K, used 274608K [0x00000000e0000000, 0x00000000fdd00000, 0x0000000100000000)
  eden space 331264K, 66% used [0x00000000e0000000,0x00000000ed5afcc0,0x00000000f4380000)
  from space 55808K, 99% used [0x00000000f8700000,0x00000000fbd7c360,0x00000000fbd80000)
  to   space 69120K, 0% used [0x00000000f4380000,0x00000000f4380000,0x00000000f8700000)
 ParOldGen       total 167424K, used 87417K [0x00000000a0000000, 0x00000000aa380000, 0x00000000e0000000)
  object space 167424K, 52% used [0x00000000a0000000,0x00000000a555e688,0x00000000aa380000)
 Metaspace       used 73080K, capacity 76856K, committed 77104K, reserved 1116160K
  class space    used 9322K, capacity 9975K, committed 10032K, reserved 1048576K
GC Heap History (10 events):
Event: 2466.388 GC heap before
{Heap before GC invocations=58 (full 12):
 PSYoungGen      total 326656K, used 281088K [0x00000000e0000000, 0x00000000f7d80000, 0x0000000100000000)
  eden space 281088K, 100% used [0x00000000e0000000,0x00000000f1280000,0x00000000f1280000)
  from space 45568K, 0% used [0x00000000f1280000,0x00000000f1280000,0x00000000f3f00000)
  to   space 43008K, 0% used [0x00000000f5380000,0x00000000f5380000,0x00000000f7d80000)
 ParOldGen       total 167424K, used 51104K [0x00000000a0000000, 0x00000000aa380000, 0x00000000e0000000)
  object space 167424K, 30% used [0x00000000a0000000,0x00000000a31e8268,0x00000000aa380000)
 Metaspace       used 72286K, capacity 75836K, committed 76080K, reserved 1116160K
  class space    used 9247K, capacity 9887K, committed 10032K, reserved 1048576K
Event: 2466.412 GC heap after
Heap after GC invocations=58 (full 12):
 PSYoungGen      total 336384K, used 9802K [0x00000000e0000000, 0x00000000f7600000, 0x0000000100000000)
  eden space 301056K, 0% used [0x00000000e0000000,0x00000000e0000000,0x00000000f2600000)
  from space 35328K, 27% used [0x00000000f5380000,0x00000000f5d12ab8,0x00000000f7600000)
  to   space 40960K, 0% used [0x00000000f2600000,0x00000000f2600000,0x00000000f4e00000)
 ParOldGen       total 167424K, used 51112K [0x00000000a0000000, 0x00000000aa380000, 0x00000000e0000000)
  object space 167424K, 30% used [0x00000000a0000000,0x00000000a31ea268,0x00000000aa380000)
 Metaspace       used 72286K, capacity 75836K, committed 76080K, reserved 1116160K
  class space    used 9247K, capacity 9887K, committed 10032K, reserved 1048576K
}
Event: 2482.658 GC heap before
{Heap before GC invocations=59 (full 12):
 PSYoungGen      total 336384K, used 310650K [0x00000000e0000000, 0x00000000f7600000, 0x0000000100000000)
  eden space 301056K, 99% used [0x00000000e0000000,0x00000000f25cc140,0x00000000f2600000)
  from space 35328K, 27% used [0x00000000f5380000,0x00000000f5d12ab8,0x00000000f7600000)
  to   space 40960K, 0% used [0x00000000f2600000,0x00000000f2600000,0x00000000f4e00000)
 ParOldGen       total 167424K, used 51112K [0x00000000a0000000, 0x00000000aa380000, 0x00000000e0000000)
  object space 167424K, 30% used [0x00000000a0000000,0x00000000a31ea268,0x00000000aa380000)
 Metaspace       used 72575K, capacity 76228K, committed 76592K, reserved 1116160K
  class space    used 9253K, capacity 9899K, committed 10032K, reserved 1048576K
Event: 2482.671 GC heap after
Heap after GC invocations=59 (full 12):
 PSYoungGen      total 342016K, used 9910K [0x00000000e0000000, 0x00000000f8300000, 0x0000000100000000)
  eden space 301056K, 0% used [0x00000000e0000000,0x00000000e0000000,0x00000000f2600000)
  from space 40960K, 24% used [0x00000000f2600000,0x00000000f2fad850,0x00000000f4e00000)
  to   space 38912K, 0% used [0x00000000f5d00000,0x00000000f5d00000,0x00000000f8300000)
 ParOldGen       total 167424K, used 51120K [0x00000000a0000000, 0x00000000aa380000, 0x00000000e0000000)
  object space 167424K, 30% used [0x00000000a0000000,0x00000000a31ec268,0x00000000aa380000)
 Metaspace       used 72575K, capacity 76228K, committed 76592K, reserved 1116160K
  class space    used 9253K, capacity 9899K, committed 10032K, reserved 1048576K
}
Event: 2496.328 GC heap before
{Heap before GC invocations=60 (full 12):
 PSYoungGen      total 342016K, used 310966K [0x00000000e0000000, 0x00000000f8300000, 0x0000000100000000)
  eden space 301056K, 100% used [0x00000000e0000000,0x00000000f2600000,0x00000000f2600000)
  from space 40960K, 24% used [0x00000000f2600000,0x00000000f2fad850,0x00000000f4e00000)
  to   space 38912K, 0% used [0x00000000f5d00000,0x00000000f5d00000,0x00000000f8300000)
 ParOldGen       total 167424K, used 51120K [0x00000000a0000000, 0x00000000aa380000, 0x00000000e0000000)
  object space 167424K, 30% used [0x00000000a0000000,0x00000000a31ec268,0x00000000aa380000)
 Metaspace       used 73051K, capacity 76792K, committed 77104K, reserved 1116160K
  class space    used 9321K, capacity 9975K, committed 10032K, reserved 1048576K
Event: 2496.369 GC heap after
Heap after GC invocations=60 (full 12):
 PSYoungGen      total 352256K, used 21035K [0x00000000e0000000, 0x00000000f8100000, 0x0000000100000000)
  eden space 315392K, 0% used [0x00000000e0000000,0x00000000e0000000,0x00000000f3400000)
  from space 36864K, 57% used [0x00000000f5d00000,0x00000000f718ac90,0x00000000f8100000)
  to   space 39424K, 0% used [0x00000000f3400000,0x00000000f3400000,0x00000000f5a80000)
 ParOldGen       total 167424K, used 51128K [0x00000000a0000000, 0x00000000aa380000, 0x00000000e0000000)
  object space 167424K, 30% used [0x00000000a0000000,0x00000000a31ee268,0x00000000aa380000)
 Metaspace       used 73051K, capacity 76792K, committed 77104K, reserved 1116160K
  class space    used 9321K, capacity 9975K, committed 10032K, reserved 1048576K
}
Event: 2497.139 GC heap before
{Heap before GC invocations=61 (full 12):
 PSYoungGen      total 352256K, used 336427K [0x00000000e0000000, 0x00000000f8100000, 0x0000000100000000)
  eden space 315392K, 100% used [0x00000000e0000000,0x00000000f3400000,0x00000000f3400000)
  from space 36864K, 57% used [0x00000000f5d00000,0x00000000f718ac90,0x00000000f8100000)
  to   space 39424K, 0% used [0x00000000f3400000,0x00000000f3400000,0x00000000f5a80000)
 ParOldGen       total 167424K, used 51128K [0x00000000a0000000, 0x00000000aa380000, 0x00000000e0000000)
  object space 167424K, 30% used [0x00000000a0000000,0x00000000a31ee268,0x00000000aa380000)
 Metaspace       used 73052K, capacity 76792K, committed 77104K, reserved 1116160K
  class space    used 9321K, capacity 9975K, committed 10032K, reserved 1048576K
Event: 2497.269 GC heap after
Heap after GC invocations=61 (full 12):
 PSYoungGen      total 354816K, used 39396K [0x00000000e0000000, 0x00000000fbd80000, 0x0000000100000000)
  eden space 315392K, 0% used [0x00000000e0000000,0x00000000e0000000,0x00000000f3400000)
  from space 39424K, 99% used [0x00000000f3400000,0x00000000f5a79240,0x00000000f5a80000)
  to   space 55808K, 0% used [0x00000000f8700000,0x00000000f8700000,0x00000000fbd80000)
 ParOldGen       total 167424K, used 77545K [0x00000000a0000000, 0x00000000aa380000, 0x00000000e0000000)
  object space 167424K, 46% used [0x00000000a0000000,0x00000000a4bba650,0x00000000aa380000)
 Metaspace       used 73052K, capacity 76792K, committed 77104K, reserved 1116160K
  class space    used 9321K, capacity 9975K, committed 10032K, reserved 1048576K
}
Event: 2498.325 GC heap before
{Heap before GC invocations=62 (full 12):
 PSYoungGen      total 354816K, used 354788K [0x00000000e0000000, 0x00000000fbd80000, 0x0000000100000000)
  eden space 315392K, 100% used [0x00000000e0000000,0x00000000f3400000,0x00000000f3400000)
  from space 39424K, 99% used [0x00000000f3400000,0x00000000f5a79240,0x00000000f5a80000)
  to   space 55808K, 0% used [0x00000000f8700000,0x00000000f8700000,0x00000000fbd80000)
 ParOldGen       total 167424K, used 77545K [0x00000000a0000000, 0x00000000aa380000, 0x00000000e0000000)
  object space 167424K, 46% used [0x00000000a0000000,0x00000000a4bba650,0x00000000aa380000)
 Metaspace       used 73062K, capacity 76856K, committed 77104K, reserved 1116160K
  class space    used 9321K, capacity 9975K, committed 10032K, reserved 1048576K
Event: 2498.485 GC heap after
Heap after GC invocations=62 (full 12):
 PSYoungGen      total 387072K, used 55792K [0x00000000e0000000, 0x00000000fdd00000, 0x0000000100000000)
  eden space 331264K, 0% used [0x00000000e0000000,0x00000000e0000000,0x00000000f4380000)
  from space 55808K, 99% used [0x00000000f8700000,0x00000000fbd7c360,0x00000000fbd80000)
  to   space 69120K, 0% used [0x00000000f4380000,0x00000000f4380000,0x00000000f8700000)
 ParOldGen       total 167424K, used 87417K [0x00000000a0000000, 0x00000000aa380000, 0x00000000e0000000)
  object space 167424K, 52% used [0x00000000a0000000,0x00000000a555e688,0x00000000aa380000)
 Metaspace       used 73062K, capacity 76856K, committed 77104K, reserved 1116160K
  class space    used 9321K, capacity 9975K, committed 10032K, reserved 1048576K
}

