# JRE version: OpenJDK Runtime Environment (8.0_76-b03) (build 1.8.0_76-release-b03)
# Java VM: OpenJDK 64-Bit Server VM (25.76-b03 mixed mode windows-amd64 compressed oops)
Heap:
 PSYoungGen      total 130560K, used 102724K [0x00000000e0000000, 0x00000000ea200000, 0x0000000100000000)
  eden space 110080K, 93% used [0x00000000e0000000,0x00000000e6451328,0x00000000e6b80000)
  from space 20480K, 0% used [0x00000000e6b80000,0x00000000e6b80000,0x00000000e7f80000)
  to   space 22528K, 0% used [0x00000000e8c00000,0x00000000e8c00000,0x00000000ea200000)
 ParOldGen       total 57344K, used 40067K [0x00000000a0000000, 0x00000000a3800000, 0x00000000e0000000)
  object space 57344K, 69% used [0x00000000a0000000,0x00000000a2720f60,0x00000000a3800000)
 Metaspace       used 52455K, capacity 54636K, committed 54832K, reserved 1095680K
  class space    used 7145K, capacity 7629K, committed 7728K, reserved 1048576K
GC Heap History (10 events):
Event: 35.317 GC heap before
{Heap before GC invocations=16 (full 2):
 PSYoungGen      total 77312K, used 75289K [0x00000000e0000000, 0x00000000e6b00000, 0x0000000100000000)
  eden space 67584K, 100% used [0x00000000e0000000,0x00000000e4200000,0x00000000e4200000)
  from space 9728K, 79% used [0x00000000e4200000,0x00000000e4986420,0x00000000e4b80000)
  to   space 10240K, 0% used [0x00000000e6100000,0x00000000e6100000,0x00000000e6b00000)
 ParOldGen       total 57344K, used 15896K [0x00000000a0000000, 0x00000000a3800000, 0x00000000e0000000)
  object space 57344K, 27% used [0x00000000a0000000,0x00000000a0f86030,0x00000000a3800000)
 Metaspace       used 43594K, capacity 44700K, committed 44848K, reserved 1087488K
  class space    used 5832K, capacity 6072K, committed 6192K, reserved 1048576K
Event: 35.356 GC heap after
Heap after GC invocations=16 (full 2):
 PSYoungGen      total 97792K, used 10218K [0x00000000e0000000, 0x00000000e6e80000, 0x0000000100000000)
  eden space 87552K, 0% used [0x00000000e0000000,0x00000000e0000000,0x00000000e5580000)
  from space 10240K, 99% used [0x00000000e6100000,0x00000000e6afabc0,0x00000000e6b00000)
  to   space 11776K, 0% used [0x00000000e5580000,0x00000000e5580000,0x00000000e6100000)
 ParOldGen       total 57344K, used 16382K [0x00000000a0000000, 0x00000000a3800000, 0x00000000e0000000)
  object space 57344K, 28% used [0x00000000a0000000,0x00000000a0fff968,0x00000000a3800000)
 Metaspace       used 43594K, capacity 44700K, committed 44848K, reserved 1087488K
  class space    used 5832K, capacity 6072K, committed 6192K, reserved 1048576K
}
Event: 39.103 GC heap before
{Heap before GC invocations=17 (full 2):
 PSYoungGen      total 97792K, used 97770K [0x00000000e0000000, 0x00000000e6e80000, 0x0000000100000000)
  eden space 87552K, 100% used [0x00000000e0000000,0x00000000e5580000,0x00000000e5580000)
  from space 10240K, 99% used [0x00000000e6100000,0x00000000e6afabc0,0x00000000e6b00000)
  to   space 11776K, 0% used [0x00000000e5580000,0x00000000e5580000,0x00000000e6100000)
 ParOldGen       total 57344K, used 16382K [0x00000000a0000000, 0x00000000a3800000, 0x00000000e0000000)
  object space 57344K, 28% used [0x00000000a0000000,0x00000000a0fff968,0x00000000a3800000)
 Metaspace       used 48664K, capacity 50026K, committed 50224K, reserved 1093632K
  class space    used 6551K, capacity 6835K, committed 6960K, reserved 1048576K
Event: 39.135 GC heap after
Heap after GC invocations=17 (full 2):
 PSYoungGen      total 99328K, used 11763K [0x00000000e0000000, 0x00000000e8e80000, 0x0000000100000000)
  eden space 87552K, 0% used [0x00000000e0000000,0x00000000e0000000,0x00000000e5580000)
  from space 11776K, 99% used [0x00000000e5580000,0x00000000e60fcca8,0x00000000e6100000)
  to   space 15360K, 0% used [0x00000000e7f80000,0x00000000e7f80000,0x00000000e8e80000)
 ParOldGen       total 57344K, used 22278K [0x00000000a0000000, 0x00000000a3800000, 0x00000000e0000000)
  object space 57344K, 38% used [0x00000000a0000000,0x00000000a15c1a80,0x00000000a3800000)
 Metaspace       used 48664K, capacity 50026K, committed 50224K, reserved 1093632K
  class space    used 6551K, capacity 6835K, committed 6960K, reserved 1048576K
}
Event: 41.130 GC heap before
{Heap before GC invocations=18 (full 2):
 PSYoungGen      total 99328K, used 99315K [0x00000000e0000000, 0x00000000e8e80000, 0x0000000100000000)
  eden space 87552K, 100% used [0x00000000e0000000,0x00000000e5580000,0x00000000e5580000)
  from space 11776K, 99% used [0x00000000e5580000,0x00000000e60fcca8,0x00000000e6100000)
  to   space 15360K, 0% used [0x00000000e7f80000,0x00000000e7f80000,0x00000000e8e80000)
 ParOldGen       total 57344K, used 22278K [0x00000000a0000000, 0x00000000a3800000, 0x00000000e0000000)
  object space 57344K, 38% used [0x00000000a0000000,0x00000000a15c1a80,0x00000000a3800000)
 Metaspace       used 50821K, capacity 52526K, committed 52784K, reserved 1095680K
  class space    used 6964K, capacity 7379K, committed 7472K, reserved 1048576K
Event: 41.195 GC heap after
Heap after GC invocations=18 (full 2):
 PSYoungGen      total 125440K, used 15328K [0x00000000e0000000, 0x00000000e9e00000, 0x0000000100000000)
  eden space 110080K, 0% used [0x00000000e0000000,0x00000000e0000000,0x00000000e6b80000)
  from space 15360K, 99% used [0x00000000e7f80000,0x00000000e8e78018,0x00000000e8e80000)
  to   space 20480K, 0% used [0x00000000e6b80000,0x00000000e6b80000,0x00000000e7f80000)
 ParOldGen       total 57344K, used 30501K [0x00000000a0000000, 0x00000000a3800000, 0x00000000e0000000)
  object space 57344K, 53% used [0x00000000a0000000,0x00000000a1dc97b8,0x00000000a3800000)
 Metaspace       used 50821K, capacity 52526K, committed 52784K, reserved 1095680K
  class space    used 6964K, capacity 7379K, committed 7472K, reserved 1048576K
}
Event: 41.924 GC heap before
{Heap before GC invocations=19 (full 2):
 PSYoungGen      total 125440K, used 26582K [0x00000000e0000000, 0x00000000e9e00000, 0x0000000100000000)
  eden space 110080K, 10% used [0x00000000e0000000,0x00000000e0afd968,0x00000000e6b80000)
  from space 15360K, 99% used [0x00000000e7f80000,0x00000000e8e78018,0x00000000e8e80000)
  to   space 20480K, 0% used [0x00000000e6b80000,0x00000000e6b80000,0x00000000e7f80000)
 ParOldGen       total 57344K, used 30501K [0x00000000a0000000, 0x00000000a3800000, 0x00000000e0000000)
  object space 57344K, 53% used [0x00000000a0000000,0x00000000a1dc97b8,0x00000000a3800000)
 Metaspace       used 51731K, capacity 53692K, committed 53936K, reserved 1095680K
  class space    used 7089K, capacity 7543K, committed 7600K, reserved 1048576K
Event: 42.009 GC heap after
Heap after GC invocations=19 (full 2):
 PSYoungGen      total 130560K, used 16745K [0x00000000e0000000, 0x00000000ea200000, 0x0000000100000000)
  eden space 110080K, 0% used [0x00000000e0000000,0x00000000e0000000,0x00000000e6b80000)
  from space 20480K, 81% used [0x00000000e6b80000,0x00000000e7bda470,0x00000000e7f80000)
  to   space 22528K, 0% used [0x00000000e8c00000,0x00000000e8c00000,0x00000000ea200000)
 ParOldGen       total 57344K, used 30509K [0x00000000a0000000, 0x00000000a3800000, 0x00000000e0000000)
  object space 57344K, 53% used [0x00000000a0000000,0x00000000a1dcb7b8,0x00000000a3800000)
 Metaspace       used 51731K, capacity 53692K, committed 53936K, reserved 1095680K
  class space    used 7089K, capacity 7543K, committed 7600K, reserved 1048576K
}
Event: 42.009 GC heap before
{Heap before GC invocations=20 (full 3):
 PSYoungGen      total 130560K, used 16745K [0x00000000e0000000, 0x00000000ea200000, 0x0000000100000000)
  eden space 110080K, 0% used [0x00000000e0000000,0x00000000e0000000,0x00000000e6b80000)
  from space 20480K, 81% used [0x00000000e6b80000,0x00000000e7bda470,0x00000000e7f80000)
  to   space 22528K, 0% used [0x00000000e8c00000,0x00000000e8c00000,0x00000000ea200000)
 ParOldGen       total 57344K, used 30509K [0x00000000a0000000, 0x00000000a3800000, 0x00000000e0000000)
  object space 57344K, 53% used [0x00000000a0000000,0x00000000a1dcb7b8,0x00000000a3800000)
 Metaspace       used 51731K, capacity 53692K, committed 53936K, reserved 1095680K
  class space    used 7089K, capacity 7543K, committed 7600K, reserved 1048576K
Event: 42.695 GC heap after
Heap after GC invocations=20 (full 3):
 PSYoungGen      total 130560K, used 0K [0x00000000e0000000, 0x00000000ea200000, 0x0000000100000000)
  eden space 110080K, 0% used [0x00000000e0000000,0x00000000e0000000,0x00000000e6b80000)
  from space 20480K, 0% used [0x00000000e6b80000,0x00000000e6b80000,0x00000000e7f80000)
  to   space 22528K, 0% used [0x00000000e8c00000,0x00000000e8c00000,0x00000000ea200000)
 ParOldGen       total 57344K, used 40067K [0x00000000a0000000, 0x00000000a3800000, 0x00000000e0000000)
  object space 57344K, 69% used [0x00000000a0000000,0x00000000a2720f60,0x00000000a3800000)
 Metaspace       used 51731K, capacity 53692K, committed 53936K, reserved 1095680K
  class space    used 7089K, capacity 7543K, committed 7600K, reserved 1048576K
}

