# JRE version: OpenJDK Runtime Environment (8.0_76-b03) (build 1.8.0_76-release-b03)
# Java VM: OpenJDK 64-Bit Server VM (25.76-b03 mixed mode windows-amd64 compressed oops)
Heap:
 PSYoungGen      total 44544K, used 15733K [0x00000000e0000000, 0x00000000e3a80000, 0x0000000100000000)
  eden space 37376K, 32% used [0x00000000e0000000,0x00000000e0bb5518,0x00000000e2480000)
  from space 7168K, 52% used [0x00000000e2480000,0x00000000e2828140,0x00000000e2b80000)
  to   space 6656K, 0% used [0x00000000e3400000,0x00000000e3400000,0x00000000e3a80000)
 ParOldGen       total 34816K, used 11009K [0x00000000a0000000, 0x00000000a2200000, 0x00000000e0000000)
  object space 34816K, 31% used [0x00000000a0000000,0x00000000a0ac0428,0x00000000a2200000)
 Metaspace       used 31784K, capacity 32476K, committed 32688K, reserved 1077248K
  class space    used 4296K, capacity 4483K, committed 4528K, reserved 1048576K
GC Heap History (10 events):
Event: 13.443 GC heap before
{Heap before GC invocations=12 (full 1):
 PSYoungGen      total 28672K, used 24872K [0x00000000e0000000, 0x00000000e2380000, 0x0000000100000000)
  eden space 22016K, 100% used [0x00000000e0000000,0x00000000e1580000,0x00000000e1580000)
  from space 6656K, 42% used [0x00000000e1d00000,0x00000000e1fca1b0,0x00000000e2380000)
  to   space 7168K, 0% used [0x00000000e1580000,0x00000000e1580000,0x00000000e1c80000)
 ParOldGen       total 34816K, used 8104K [0x00000000a0000000, 0x00000000a2200000, 0x00000000e0000000)
  object space 34816K, 23% used [0x00000000a0000000,0x00000000a07ea3e0,0x00000000a2200000)
 Metaspace       used 25184K, capacity 25726K, committed 25904K, reserved 1071104K
  class space    used 3444K, capacity 3617K, committed 3632K, reserved 1048576K
Event: 13.451 GC heap after
Heap after GC invocations=12 (full 1):
 PSYoungGen      total 29184K, used 2273K [0x00000000e0000000, 0x00000000e2a80000, 0x0000000100000000)
  eden space 22016K, 0% used [0x00000000e0000000,0x00000000e0000000,0x00000000e1580000)
  from space 7168K, 31% used [0x00000000e1580000,0x00000000e17b8728,0x00000000e1c80000)
  to   space 7168K, 0% used [0x00000000e2380000,0x00000000e2380000,0x00000000e2a80000)
 ParOldGen       total 34816K, used 9997K [0x00000000a0000000, 0x00000000a2200000, 0x00000000e0000000)
  object space 34816K, 28% used [0x00000000a0000000,0x00000000a09c3400,0x00000000a2200000)
 Metaspace       used 25184K, capacity 25726K, committed 25904K, reserved 1071104K
  class space    used 3444K, capacity 3617K, committed 3632K, reserved 1048576K
}
Event: 14.047 GC heap before
{Heap before GC invocations=13 (full 1):
 PSYoungGen      total 29184K, used 24289K [0x00000000e0000000, 0x00000000e2a80000, 0x0000000100000000)
  eden space 22016K, 100% used [0x00000000e0000000,0x00000000e1580000,0x00000000e1580000)
  from space 7168K, 31% used [0x00000000e1580000,0x00000000e17b8728,0x00000000e1c80000)
  to   space 7168K, 0% used [0x00000000e2380000,0x00000000e2380000,0x00000000e2a80000)
 ParOldGen       total 34816K, used 9997K [0x00000000a0000000, 0x00000000a2200000, 0x00000000e0000000)
  object space 34816K, 28% used [0x00000000a0000000,0x00000000a09c3400,0x00000000a2200000)
 Metaspace       used 26934K, capacity 27518K, committed 27696K, reserved 1073152K
  class space    used 3714K, capacity 3873K, committed 3888K, reserved 1048576K
Event: 14.054 GC heap after
Heap after GC invocations=13 (full 1):
 PSYoungGen      total 36352K, used 2117K [0x00000000e0000000, 0x00000000e2a80000, 0x0000000100000000)
  eden space 29184K, 0% used [0x00000000e0000000,0x00000000e0000000,0x00000000e1c80000)
  from space 7168K, 29% used [0x00000000e2380000,0x00000000e2591688,0x00000000e2a80000)
  to   space 7168K, 0% used [0x00000000e1c80000,0x00000000e1c80000,0x00000000e2380000)
 ParOldGen       total 34816K, used 10721K [0x00000000a0000000, 0x00000000a2200000, 0x00000000e0000000)
  object space 34816K, 30% used [0x00000000a0000000,0x00000000a0a78410,0x00000000a2200000)
 Metaspace       used 26934K, capacity 27518K, committed 27696K, reserved 1073152K
  class space    used 3714K, capacity 3873K, committed 3888K, reserved 1048576K
}
Event: 15.343 GC heap before
{Heap before GC invocations=14 (full 1):
 PSYoungGen      total 36352K, used 31301K [0x00000000e0000000, 0x00000000e2a80000, 0x0000000100000000)
  eden space 29184K, 100% used [0x00000000e0000000,0x00000000e1c80000,0x00000000e1c80000)
  from space 7168K, 29% used [0x00000000e2380000,0x00000000e2591688,0x00000000e2a80000)
  to   space 7168K, 0% used [0x00000000e1c80000,0x00000000e1c80000,0x00000000e2380000)
 ParOldGen       total 34816K, used 10721K [0x00000000a0000000, 0x00000000a2200000, 0x00000000e0000000)
  object space 34816K, 30% used [0x00000000a0000000,0x00000000a0a78410,0x00000000a2200000)
 Metaspace       used 28108K, capacity 28726K, committed 28976K, reserved 1075200K
  class space    used 3860K, capacity 4037K, committed 4144K, reserved 1048576K
Event: 15.346 GC heap after
Heap after GC invocations=14 (full 1):
 PSYoungGen      total 36352K, used 1563K [0x00000000e0000000, 0x00000000e3280000, 0x0000000100000000)
  eden space 29184K, 0% used [0x00000000e0000000,0x00000000e0000000,0x00000000e1c80000)
  from space 7168K, 21% used [0x00000000e1c80000,0x00000000e1e06fa8,0x00000000e2380000)
  to   space 7168K, 0% used [0x00000000e2b80000,0x00000000e2b80000,0x00000000e3280000)
 ParOldGen       total 34816K, used 10993K [0x00000000a0000000, 0x00000000a2200000, 0x00000000e0000000)
  object space 34816K, 31% used [0x00000000a0000000,0x00000000a0abc428,0x00000000a2200000)
 Metaspace       used 28108K, capacity 28726K, committed 28976K, reserved 1075200K
  class space    used 3860K, capacity 4037K, committed 4144K, reserved 1048576K
}
Event: 16.796 GC heap before
{Heap before GC invocations=15 (full 1):
 PSYoungGen      total 36352K, used 30747K [0x00000000e0000000, 0x00000000e3280000, 0x0000000100000000)
  eden space 29184K, 100% used [0x00000000e0000000,0x00000000e1c80000,0x00000000e1c80000)
  from space 7168K, 21% used [0x00000000e1c80000,0x00000000e1e06fa8,0x00000000e2380000)
  to   space 7168K, 0% used [0x00000000e2b80000,0x00000000e2b80000,0x00000000e3280000)
 ParOldGen       total 34816K, used 10993K [0x00000000a0000000, 0x00000000a2200000, 0x00000000e0000000)
  object space 34816K, 31% used [0x00000000a0000000,0x00000000a0abc428,0x00000000a2200000)
 Metaspace       used 28291K, capacity 28854K, committed 29232K, reserved 1075200K
  class space    used 3862K, capacity 4037K, committed 4144K, reserved 1048576K
Event: 16.808 GC heap after
Heap after GC invocations=15 (full 1):
 PSYoungGen      total 44544K, used 1504K [0x00000000e0000000, 0x00000000e3280000, 0x0000000100000000)
  eden space 37376K, 0% used [0x00000000e0000000,0x00000000e0000000,0x00000000e2480000)
  from space 7168K, 20% used [0x00000000e2b80000,0x00000000e2cf8010,0x00000000e3280000)
  to   space 7168K, 0% used [0x00000000e2480000,0x00000000e2480000,0x00000000e2b80000)
 ParOldGen       total 34816K, used 11001K [0x00000000a0000000, 0x00000000a2200000, 0x00000000e0000000)
  object space 34816K, 31% used [0x00000000a0000000,0x00000000a0abe428,0x00000000a2200000)
 Metaspace       used 28291K, capacity 28854K, committed 29232K, reserved 1075200K
  class space    used 3862K, capacity 4037K, committed 4144K, reserved 1048576K
}
Event: 24.311 GC heap before
{Heap before GC invocations=16 (full 1):
 PSYoungGen      total 44544K, used 38880K [0x00000000e0000000, 0x00000000e3280000, 0x0000000100000000)
  eden space 37376K, 100% used [0x00000000e0000000,0x00000000e2480000,0x00000000e2480000)
  from space 7168K, 20% used [0x00000000e2b80000,0x00000000e2cf8010,0x00000000e3280000)
  to   space 7168K, 0% used [0x00000000e2480000,0x00000000e2480000,0x00000000e2b80000)
 ParOldGen       total 34816K, used 11001K [0x00000000a0000000, 0x00000000a2200000, 0x00000000e0000000)
  object space 34816K, 31% used [0x00000000a0000000,0x00000000a0abe428,0x00000000a2200000)
 Metaspace       used 30076K, capacity 30760K, committed 30896K, reserved 1075200K
  class space    used 4081K, capacity 4251K, committed 4272K, reserved 1048576K
Event: 24.326 GC heap after
Heap after GC invocations=16 (full 1):
 PSYoungGen      total 44544K, used 3744K [0x00000000e0000000, 0x00000000e3a80000, 0x0000000100000000)
  eden space 37376K, 0% used [0x00000000e0000000,0x00000000e0000000,0x00000000e2480000)
  from space 7168K, 52% used [0x00000000e2480000,0x00000000e2828140,0x00000000e2b80000)
  to   space 6656K, 0% used [0x00000000e3400000,0x00000000e3400000,0x00000000e3a80000)
 ParOldGen       total 34816K, used 11009K [0x00000000a0000000, 0x00000000a2200000, 0x00000000e0000000)
  object space 34816K, 31% used [0x00000000a0000000,0x00000000a0ac0428,0x00000000a2200000)
 Metaspace       used 30076K, capacity 30760K, committed 30896K, reserved 1075200K
  class space    used 4081K, capacity 4251K, committed 4272K, reserved 1048576K
}

